# JRE version: Java(TM) SE Runtime Environment (11.0+28) (build 11+28)
# Java VM: Java HotSpot(TM) 64-Bit Server VM (11+28, mixed mode, tiered, compressed oops, g1 gc, windows-amd64)
Heap:
 garbage-first heap   total 260096K, used 140328K [0x00000000e0c00000, 0x0000000100000000)
  region size 1024K, 37 young (37888K), 1 survivors (1024K)
 Metaspace       used 7549K, capacity 7621K, committed 7936K, reserved 1056768K
  class space    used 661K, capacity 704K, committed 768K, reserved 1048576K
GC Heap History (10 events):
Event: 2.508 GC heap before
{Heap before GC invocations=0 (full 0):
 garbage-first heap   total 260096K, used 31744K [0x00000000e0c00000, 0x0000000100000000)
  region size 1024K, 24 young (24576K), 0 survivors (0K)
 Metaspace       used 7527K, capacity 7589K, committed 7936K, reserved 1056768K
  class space    used 658K, capacity 672K, committed 768K, reserved 1048576K
}
Event: 2.525 GC heap after
{Heap after GC invocations=1 (full 0):
 garbage-first heap   total 260096K, used 27843K [0x00000000e0c00000, 0x0000000100000000)
  region size 1024K, 3 young (3072K), 3 survivors (3072K)
 Metaspace       used 7527K, capacity 7589K, committed 7936K, reserved 1056768K
  class space    used 658K, capacity 672K, committed 768K, reserved 1048576K
}
Event: 2.637 GC heap before
{Heap before GC invocations=1 (full 0):
 garbage-first heap   total 260096K, used 41155K [0x00000000e0c00000, 0x0000000100000000)
  region size 1024K, 12 young (12288K), 3 survivors (3072K)
 Metaspace       used 7534K, capacity 7589K, committed 7936K, reserved 1056768K
  class space    used 658K, capacity 672K, committed 768K, reserved 1048576K
}
Event: 2.644 GC heap after
{Heap after GC invocations=2 (full 0):
 garbage-first heap   total 260096K, used 39424K [0x00000000e0c00000, 0x0000000100000000)
  region size 1024K, 2 young (2048K), 2 survivors (2048K)
 Metaspace       used 7534K, capacity 7589K, committed 7936K, reserved 1056768K
  class space    used 658K, capacity 672K, committed 768K, reserved 1048576K
}
Event: 2.774 GC heap before
{Heap before GC invocations=2 (full 0):
 garbage-first heap   total 260096K, used 52736K [0x00000000e0c00000, 0x0000000100000000)
  region size 1024K, 15 young (15360K), 2 survivors (2048K)
 Metaspace       used 7534K, capacity 7589K, committed 7936K, reserved 1056768K
  class space    used 658K, capacity 672K, committed 768K, reserved 1048576K
}
Event: 2.776 GC heap after
{Heap after GC invocations=3 (full 0):
 garbage-first heap   total 260096K, used 40086K [0x00000000e0c00000, 0x0000000100000000)
  region size 1024K, 1 young (1024K), 1 survivors (1024K)
 Metaspace       used 7534K, capacity 7589K, committed 7936K, reserved 1056768K
  class space    used 658K, capacity 672K, committed 768K, reserved 1048576K
}
Event: 3.035 GC heap before
{Heap before GC invocations=3 (full 0):
 garbage-first heap   total 260096K, used 81046K [0x00000000e0c00000, 0x0000000100000000)
  region size 1024K, 29 young (29696K), 1 survivors (1024K)
 Metaspace       used 7534K, capacity 7589K, committed 7936K, reserved 1056768K
  class space    used 658K, capacity 672K, committed 768K, reserved 1048576K
}
Event: 3.036 GC heap after
{Heap after GC invocations=4 (full 0):
 garbage-first heap   total 260096K, used 52261K [0x00000000e0c00000, 0x0000000100000000)
  region size 1024K, 1 young (1024K), 1 survivors (1024K)
 Metaspace       used 7534K, capacity 7589K, committed 7936K, reserved 1056768K
  class space    used 658K, capacity 672K, committed 768K, reserved 1048576K
}
Event: 4.393 GC heap before
{Heap before GC invocations=4 (full 0):
 garbage-first heap   total 260096K, used 222245K [0x00000000e0c00000, 0x0000000100000000)
  region size 1024K, 140 young (143360K), 1 survivors (1024K)
 Metaspace       used 7534K, capacity 7589K, committed 7936K, reserved 1056768K
  class space    used 658K, capacity 672K, committed 768K, reserved 1048576K
}
Event: 4.394 GC heap after
{Heap after GC invocations=5 (full 0):
 garbage-first heap   total 260096K, used 79912K [0x00000000e0c00000, 0x0000000100000000)
  region size 1024K, 1 young (1024K), 1 survivors (1024K)
 Metaspace       used 7534K, capacity 7589K, committed 7936K, reserved 1056768K
  class space    used 658K, capacity 672K, committed 768K, reserved 1048576K
}

